<?xml version="1.0" encoding="UTF-8"?>
<testsuite xmlns:xsi="http://www.w3.org/2001/XMLSchema-instance" xsi:noNamespaceSchemaLocation="https://maven.apache.org/surefire/maven-surefire-plugin/xsd/surefire-test-report.xsd" version="3.0.2" name="TestSuite" time="0.373" tests="4" errors="0" skipped="0" failures="0">
  <properties>
[...]
</properties>
  <testcase name="ModifyContactTest" classname="pac1.ContactTest" time="0.005">
    <system-out><![CDATA[execute ModifyContactTest
]]></system-out>
    <system-err><![CDATA[SLF4J(W): No SLF4J providers were found.
SLF4J(W): Defaulting to no-operation (NOP) logger implementation
SLF4J(W): See https://www.slf4j.org/codes.html#noProviders for further details.
]]></system-err>
  </testcase>
  <testcase name="createContactTest" classname="pac1.ContactTest" time="0.002">
    <system-out><![CDATA[http://localhost:8888
chrome
admin
admin
execute createContactTest
]]></system-out>
  </testcase>
  <testcase name="ModifyOrgest" classname="pac2.OrgTest" time="0.001">
    <system-out><![CDATA[execute ModifyOrgest
]]></system-out>
  </testcase>
  <testcase name="createOrgTest" classname="pac2.OrgTest" time="0.0">
    <system-out><![CDATA[execute createOrgTest
]]></system-out>
  </testcase>
</testsuite>