<?xml version="1.0" encoding="UTF-8"?>
<testng-results ignored="0" total="4" passed="4" failed="0" skipped="0">
  <reporter-output>
  </reporter-output>
  <suite started-at="2025-05-21T14:40:09 IST" name="Suite" finished-at="2025-05-21T14:40:09 IST" duration-ms="36">
    <groups>
    </groups>
    <test started-at="2025-05-21T14:40:09 IST" name="Test" finished-at="2025-05-21T14:40:09 IST" duration-ms="36">
      <class name="pac1.ContactTest">
        <test-method signature="ModifyContactTest()[pri:0, instance:pac1.ContactTest@479d31f3]" started-at="2025-05-21T14:40:09 IST" name="ModifyContactTest" finished-at="2025-05-21T14:40:09 IST" duration-ms="4" status="PASS">
          <reporter-output>
          </reporter-output>
        </test-method> <!-- ModifyContactTest -->
        <test-method signature="createContactTest()[pri:0, instance:pac1.ContactTest@479d31f3]" started-at="2025-05-21T14:40:09 IST" name="createContactTest" finished-at="2025-05-21T14:40:09 IST" duration-ms="0" status="PASS">
          <reporter-output>
          </reporter-output>
        </test-method> <!-- createContactTest -->
      </class> <!-- pac1.ContactTest -->
      <class name="pac2.OrgTest">
        <test-method signature="ModifyOrgest()[pri:0, instance:pac2.OrgTest@123ef382]" started-at="2025-05-21T14:40:09 IST" name="ModifyOrgest" finished-at="2025-05-21T14:40:09 IST" duration-ms="1" status="PASS">
          <reporter-output>
          </reporter-output>
        </test-method> <!-- ModifyOrgest -->
        <test-method signature="createOrgTest()[pri:0, instance:pac2.OrgTest@123ef382]" started-at="2025-05-21T14:40:09 IST" name="createOrgTest" finished-at="2025-05-21T14:40:09 IST" duration-ms="0" status="PASS">
          <reporter-output>
          </reporter-output>
        </test-method> <!-- createOrgTest -->
      </class> <!-- pac2.OrgTest -->
    </test> <!-- Test -->
  </suite> <!-- Suite -->
</testng-results>
