<?xml version="1.0" encoding="UTF-8"?>
<!-- Generated by org.testng.reporters.JUnitXMLReporter -->
<testsuite ignored="0" hostname="LAPTOP-TT8VBAMA" failures="0" tests="4" name="Surefire test" time="0.035" errors="0" timestamp="2025-05-21T14:35:11 IST">
  <testcase classname="pac1.ContactTest" name="ModifyContactTest" time="0.004"/>
  <testcase classname="pac1.ContactTest" name="createContactTest" time="0.001"/>
  <testcase classname="pac2.OrgTest" name="ModifyOrgest" time="0.001"/>
  <testcase classname="pac2.OrgTest" name="createOrgTest" time="0.0"/>
</testsuite> <!-- Surefire test -->
